2024-04-03 14:08:33,646 CRIT Supervisor is running as root.  Privileges were not dropped because no user is specified in the config file.  If you intend to run as root, you can set user=root in the config file to avoid this message.
2024-04-03 14:08:33,646 WARN For [program:nginx], redirect_stderr=true but stderr_logfile has also been set to a filename, the filename has been ignored
2024-04-03 14:08:33,646 WARN For [program:php-fpm], redirect_stderr=true but stderr_logfile has also been set to a filename, the filename has been ignored
2024-04-03 14:08:33,646 WARN For [program:ssr], redirect_stderr=true but stderr_logfile has also been set to a filename, the filename has been ignored
2024-04-03 14:08:33,647 INFO supervisord started with pid 1
2024-04-03 14:08:34,651 INFO spawned: 'nginx' with pid 7
2024-04-03 14:08:34,654 INFO spawned: 'php-fpm' with pid 8
2024-04-03 14:08:34,655 INFO spawned: 'ssr' with pid 9
2024-04-03 14:08:35,963 INFO success: nginx entered RUNNING state, process has stayed up for > than 1 seconds (startsecs)
2024-04-03 14:08:35,963 INFO success: php-fpm entered RUNNING state, process has stayed up for > than 1 seconds (startsecs)
2024-04-03 14:08:35,963 INFO success: ssr entered RUNNING state, process has stayed up for > than 1 seconds (startsecs)
2024-04-03 14:10:54,132 WARN received SIGQUIT indicating exit request
2024-04-03 14:10:54,132 INFO waiting for nginx, php-fpm, ssr to die
2024-04-03 14:10:55,136 INFO stopped: ssr (exit status 0)
2024-04-03 14:10:55,139 INFO stopped: php-fpm (exit status 0)
2024-04-03 14:10:55,140 INFO stopped: nginx (exit status 0)
2024-04-03 14:11:07,005 CRIT Supervisor is running as root.  Privileges were not dropped because no user is specified in the config file.  If you intend to run as root, you can set user=root in the config file to avoid this message.
2024-04-03 14:11:07,006 WARN For [program:nginx], redirect_stderr=true but stderr_logfile has also been set to a filename, the filename has been ignored
2024-04-03 14:11:07,006 WARN For [program:php-fpm], redirect_stderr=true but stderr_logfile has also been set to a filename, the filename has been ignored
2024-04-03 14:11:07,006 WARN For [program:ssr], redirect_stderr=true but stderr_logfile has also been set to a filename, the filename has been ignored
2024-04-03 14:11:07,007 INFO supervisord started with pid 1
2024-04-03 14:11:08,011 INFO spawned: 'nginx' with pid 7
2024-04-03 14:11:08,013 INFO spawned: 'php-fpm' with pid 8
2024-04-03 14:11:08,014 INFO spawned: 'ssr' with pid 9
2024-04-03 14:11:09,288 INFO success: nginx entered RUNNING state, process has stayed up for > than 1 seconds (startsecs)
2024-04-03 14:11:09,288 INFO success: php-fpm entered RUNNING state, process has stayed up for > than 1 seconds (startsecs)
2024-04-03 14:11:09,288 INFO success: ssr entered RUNNING state, process has stayed up for > than 1 seconds (startsecs)
2024-04-03 14:14:52,542 WARN received SIGQUIT indicating exit request
2024-04-03 14:14:52,543 INFO waiting for nginx, php-fpm, ssr to die
2024-04-03 14:14:53,548 INFO stopped: ssr (exit status 0)
2024-04-03 14:14:53,551 INFO stopped: php-fpm (exit status 0)
2024-04-03 14:14:53,552 INFO stopped: nginx (exit status 0)
2024-04-03 14:16:39,895 CRIT Supervisor is running as root.  Privileges were not dropped because no user is specified in the config file.  If you intend to run as root, you can set user=root in the config file to avoid this message.
2024-04-03 14:16:39,895 WARN For [program:php-fpm], redirect_stderr=true but stderr_logfile has also been set to a filename, the filename has been ignored
2024-04-03 14:16:39,895 WARN For [program:ssr], redirect_stderr=true but stderr_logfile has also been set to a filename, the filename has been ignored
2024-04-03 14:16:39,896 INFO supervisord started with pid 1
2024-04-03 14:16:40,898 INFO spawned: 'php-fpm' with pid 7
2024-04-03 14:16:40,899 INFO spawned: 'ssr' with pid 8
2024-04-03 14:16:42,173 INFO success: php-fpm entered RUNNING state, process has stayed up for > than 1 seconds (startsecs)
2024-04-03 14:16:42,173 INFO success: ssr entered RUNNING state, process has stayed up for > than 1 seconds (startsecs)
2024-04-03 14:17:19,372 WARN received SIGQUIT indicating exit request
2024-04-03 14:17:19,372 INFO waiting for php-fpm, ssr to die
2024-04-03 14:17:20,376 INFO stopped: ssr (exit status 0)
2024-04-03 14:17:20,380 INFO stopped: php-fpm (exit status 0)
2024-04-03 14:17:28,154 CRIT Supervisor is running as root.  Privileges were not dropped because no user is specified in the config file.  If you intend to run as root, you can set user=root in the config file to avoid this message.
2024-04-03 14:17:28,154 WARN For [program:php-fpm], redirect_stderr=true but stderr_logfile has also been set to a filename, the filename has been ignored
2024-04-03 14:17:28,154 WARN For [program:ssr], redirect_stderr=true but stderr_logfile has also been set to a filename, the filename has been ignored
2024-04-03 14:17:28,155 INFO supervisord started with pid 1
2024-04-03 14:17:29,159 INFO spawned: 'php-fpm' with pid 7
2024-04-03 14:17:29,163 INFO spawned: 'ssr' with pid 8
2024-04-03 14:17:30,436 INFO success: php-fpm entered RUNNING state, process has stayed up for > than 1 seconds (startsecs)
2024-04-03 14:17:30,437 INFO success: ssr entered RUNNING state, process has stayed up for > than 1 seconds (startsecs)
2024-04-03 14:19:50,203 WARN received SIGQUIT indicating exit request
2024-04-03 14:19:50,203 INFO waiting for php-fpm, ssr to die
2024-04-03 14:19:51,207 INFO stopped: ssr (exit status 0)
2024-04-03 14:19:51,211 INFO stopped: php-fpm (exit status 0)
2024-04-03 14:19:59,521 CRIT Supervisor is running as root.  Privileges were not dropped because no user is specified in the config file.  If you intend to run as root, you can set user=root in the config file to avoid this message.
2024-04-03 14:19:59,521 WARN For [program:php-fpm], redirect_stderr=true but stderr_logfile has also been set to a filename, the filename has been ignored
2024-04-03 14:19:59,521 WARN For [program:ssr], redirect_stderr=true but stderr_logfile has also been set to a filename, the filename has been ignored
2024-04-03 14:19:59,522 INFO supervisord started with pid 1
2024-04-03 14:20:00,524 INFO spawned: 'php-fpm' with pid 7
2024-04-03 14:20:00,525 INFO spawned: 'ssr' with pid 8
2024-04-03 14:20:01,801 INFO success: php-fpm entered RUNNING state, process has stayed up for > than 1 seconds (startsecs)
2024-04-03 14:20:01,801 INFO success: ssr entered RUNNING state, process has stayed up for > than 1 seconds (startsecs)
2024-04-03 15:04:42,620 INFO reaped unknown pid 76 (exit status 0)
2024-04-03 15:04:43,621 INFO reaped unknown pid 102 (exit status 0)
2024-04-03 15:11:40,897 INFO reaped unknown pid 145 (exit status 0)
2024-04-03 15:11:42,900 INFO reaped unknown pid 171 (exit status 0)
2024-04-03 15:13:52,472 INFO reaped unknown pid 214 (exit status 0)
2024-04-03 15:13:53,473 INFO reaped unknown pid 241 (exit status 0)
2024-04-03 15:14:43,988 INFO reaped unknown pid 284 (exit status 0)
2024-04-03 15:14:44,990 INFO reaped unknown pid 310 (exit status 0)
2024-04-03 15:24:23,269 INFO reaped unknown pid 353 (exit status 0)
2024-04-03 15:24:24,271 INFO reaped unknown pid 379 (exit status 0)
2024-04-03 15:24:53,633 INFO reaped unknown pid 422 (exit status 0)
2024-04-03 15:24:54,633 INFO reaped unknown pid 448 (exit status 0)
2024-04-03 15:25:18,113 INFO reaped unknown pid 491 (exit status 0)
2024-04-03 15:25:19,114 INFO reaped unknown pid 517 (exit status 0)
2024-04-03 15:25:39,786 INFO reaped unknown pid 560 (exit status 0)
2024-04-03 15:25:41,788 INFO reaped unknown pid 586 (exit status 0)
2024-04-03 15:29:04,826 WARN received SIGQUIT indicating exit request
2024-04-03 15:29:04,826 INFO waiting for php-fpm, ssr to die
2024-04-03 15:29:05,832 INFO stopped: ssr (exit status 0)
2024-04-03 15:29:05,836 INFO stopped: php-fpm (exit status 0)
2024-04-04 15:23:08,768 CRIT Supervisor is running as root.  Privileges were not dropped because no user is specified in the config file.  If you intend to run as root, you can set user=root in the config file to avoid this message.
2024-04-04 15:23:08,768 WARN For [program:php-fpm], redirect_stderr=true but stderr_logfile has also been set to a filename, the filename has been ignored
2024-04-04 15:23:08,768 WARN For [program:ssr], redirect_stderr=true but stderr_logfile has also been set to a filename, the filename has been ignored
2024-04-04 15:23:08,770 INFO supervisord started with pid 1
2024-04-04 15:23:09,772 INFO spawned: 'php-fpm' with pid 7
2024-04-04 15:23:09,773 INFO spawned: 'ssr' with pid 8
2024-04-04 15:23:11,367 INFO success: php-fpm entered RUNNING state, process has stayed up for > than 1 seconds (startsecs)
2024-04-04 15:23:11,367 INFO success: ssr entered RUNNING state, process has stayed up for > than 1 seconds (startsecs)
2024-04-04 15:23:39,401 INFO reaped unknown pid 52 (exit status 0)
2024-04-04 15:23:40,401 INFO reaped unknown pid 79 (exit status 0)
2024-04-04 12:32:11,574 INFO reaped unknown pid 122 (exit status 0)
2024-04-04 12:32:12,575 INFO reaped unknown pid 148 (exit status 0)
2024-04-04 12:33:58,734 INFO reaped unknown pid 191 (exit status 0)
2024-04-04 12:33:59,735 INFO reaped unknown pid 217 (exit status 0)
2024-04-04 12:37:29,127 INFO reaped unknown pid 260 (exit status 0)
2024-04-04 12:37:30,127 INFO reaped unknown pid 286 (exit status 0)
2024-04-04 12:39:21,546 INFO reaped unknown pid 329 (exit status 0)
2024-04-04 12:39:22,547 INFO reaped unknown pid 355 (exit status 0)
2024-04-04 12:47:14,098 INFO reaped unknown pid 398 (exit status 0)
2024-04-04 12:47:16,101 INFO reaped unknown pid 424 (exit status 0)
2024-04-04 12:48:28,678 INFO reaped unknown pid 466 (exit status 0)
2024-04-04 12:48:29,680 INFO reaped unknown pid 492 (exit status 0)
2024-04-04 12:50:53,527 INFO reaped unknown pid 535 (exit status 0)
2024-04-04 12:50:54,528 INFO reaped unknown pid 561 (exit status 0)
2024-04-04 12:51:12,279 INFO reaped unknown pid 604 (exit status 0)
2024-04-04 12:51:13,280 INFO reaped unknown pid 630 (exit status 0)
2024-04-04 12:51:37,779 INFO reaped unknown pid 673 (exit status 0)
2024-04-04 12:51:39,781 INFO reaped unknown pid 699 (exit status 0)
2024-04-04 12:53:03,301 INFO reaped unknown pid 741 (exit status 0)
2024-04-04 12:53:05,304 INFO reaped unknown pid 767 (exit status 0)
2024-04-04 12:53:54,338 INFO reaped unknown pid 810 (exit status 0)
2024-04-04 12:53:55,339 INFO reaped unknown pid 836 (exit status 0)
2024-04-04 13:01:46,338 INFO reaped unknown pid 879 (exit status 0)
2024-04-04 13:01:48,341 INFO reaped unknown pid 905 (exit status 0)
2024-04-04 13:02:19,108 INFO reaped unknown pid 948 (exit status 0)
2024-04-04 13:02:20,109 INFO reaped unknown pid 974 (exit status 0)
2024-04-04 13:02:42,577 INFO reaped unknown pid 1017 (exit status 0)
2024-04-04 13:02:43,913 INFO reaped unknown pid 1043 (exit status 0)
2024-04-04 13:04:02,732 INFO reaped unknown pid 1086 (exit status 0)
2024-04-04 13:04:03,733 INFO reaped unknown pid 1112 (exit status 0)
2024-04-04 13:05:13,592 INFO reaped unknown pid 1154 (exit status 0)
2024-04-04 13:05:15,595 INFO reaped unknown pid 1180 (exit status 0)
2024-04-04 13:06:22,811 INFO reaped unknown pid 1223 (exit status 0)
2024-04-04 13:06:23,812 INFO reaped unknown pid 1249 (exit status 0)
2024-04-04 13:06:41,543 INFO reaped unknown pid 1292 (exit status 0)
2024-04-04 13:06:42,545 INFO reaped unknown pid 1318 (exit status 0)
2024-04-04 13:07:20,785 INFO reaped unknown pid 1361 (exit status 0)
2024-04-04 13:07:21,786 INFO reaped unknown pid 1387 (exit status 0)
2024-04-04 13:07:43,842 INFO reaped unknown pid 1430 (exit status 0)
2024-04-04 13:07:44,843 INFO reaped unknown pid 1456 (exit status 0)
2024-04-04 13:08:23,899 INFO reaped unknown pid 1499 (exit status 0)
2024-04-04 13:08:24,900 INFO reaped unknown pid 1525 (exit status 0)
2024-04-04 13:18:43,803 INFO reaped unknown pid 1568 (exit status 0)
2024-04-04 13:18:44,804 INFO reaped unknown pid 1594 (exit status 0)
2024-04-04 13:19:50,547 INFO reaped unknown pid 1637 (exit status 0)
2024-04-04 13:19:51,548 INFO reaped unknown pid 1663 (exit status 0)
2024-04-04 13:20:20,751 INFO reaped unknown pid 1706 (exit status 0)
2024-04-04 13:20:21,752 INFO reaped unknown pid 1732 (exit status 0)
2024-04-04 13:49:05,416 INFO reaped unknown pid 1776 (exit status 0)
2024-04-04 13:49:06,417 INFO reaped unknown pid 1802 (exit status 0)
2024-04-04 13:49:45,041 INFO reaped unknown pid 1845 (exit status 0)
2024-04-04 13:49:46,042 INFO reaped unknown pid 1871 (exit status 0)
2024-04-04 13:50:59,808 INFO reaped unknown pid 1913 (exit status 0)
2024-04-04 13:51:00,809 INFO reaped unknown pid 1939 (exit status 0)
2024-04-04 13:51:52,378 INFO reaped unknown pid 1982 (exit status 0)
2024-04-04 13:51:54,381 INFO reaped unknown pid 2009 (exit status 0)
2024-04-04 13:52:25,872 INFO reaped unknown pid 2052 (exit status 0)
2024-04-04 13:52:26,873 INFO reaped unknown pid 2078 (exit status 0)
2024-04-04 13:57:03,309 INFO reaped unknown pid 2121 (exit status 0)
2024-04-04 13:57:04,310 INFO reaped unknown pid 2147 (exit status 0)
2024-04-04 13:57:33,494 INFO reaped unknown pid 2190 (exit status 0)
2024-04-04 13:57:34,495 INFO reaped unknown pid 2216 (exit status 0)
2024-04-04 13:58:28,624 INFO reaped unknown pid 2259 (exit status 0)
2024-04-04 13:58:29,625 INFO reaped unknown pid 2285 (exit status 0)
2024-04-04 13:59:17,806 INFO reaped unknown pid 2327 (exit status 0)
2024-04-04 13:59:37,826 INFO reaped unknown pid 2370 (exit status 0)
2024-04-04 13:59:38,827 INFO reaped unknown pid 2396 (exit status 0)
2024-04-04 14:00:38,562 INFO reaped unknown pid 2439 (exit status 0)
2024-04-04 14:00:40,565 INFO reaped unknown pid 2465 (exit status 0)
2024-04-04 14:02:34,201 INFO reaped unknown pid 2508 (exit status 0)
2024-04-04 14:02:36,204 INFO reaped unknown pid 2534 (exit status 0)
2024-04-04 14:04:15,370 INFO reaped unknown pid 2577 (exit status 0)
2024-04-04 14:04:16,371 INFO reaped unknown pid 2603 (exit status 0)
2024-04-04 14:05:06,446 INFO reaped unknown pid 2646 (exit status 0)
2024-04-04 14:05:08,449 INFO reaped unknown pid 2672 (exit status 0)
2024-04-04 14:06:12,589 INFO reaped unknown pid 2715 (exit status 0)
2024-04-04 14:06:13,590 INFO reaped unknown pid 2741 (exit status 0)
2024-04-04 14:06:49,486 INFO reaped unknown pid 2785 (exit status 0)
2024-04-04 14:06:50,487 INFO reaped unknown pid 2812 (exit status 0)
2024-04-04 14:07:27,558 INFO reaped unknown pid 2855 (exit status 0)
2024-04-04 14:07:28,560 INFO reaped unknown pid 2881 (exit status 0)
2024-04-04 14:08:24,923 INFO reaped unknown pid 2924 (exit status 0)
2024-04-04 14:08:25,924 INFO reaped unknown pid 2950 (exit status 0)
2024-04-04 14:09:10,908 INFO reaped unknown pid 2993 (exit status 0)
2024-04-04 14:09:11,909 INFO reaped unknown pid 3019 (exit status 0)
2024-04-04 14:10:02,809 INFO reaped unknown pid 3062 (exit status 0)
2024-04-04 14:10:03,810 INFO reaped unknown pid 3088 (exit status 0)
2024-04-04 14:10:52,870 INFO reaped unknown pid 3132 (exit status 0)
2024-04-04 14:10:53,871 INFO reaped unknown pid 3158 (exit status 0)
2024-04-04 14:11:51,205 INFO reaped unknown pid 3201 (exit status 0)
2024-04-04 14:11:52,205 INFO reaped unknown pid 3227 (exit status 0)
2024-04-04 14:12:06,892 INFO reaped unknown pid 3270 (exit status 0)
2024-04-04 14:12:07,894 INFO reaped unknown pid 3296 (exit status 0)
2024-04-04 14:12:28,195 INFO reaped unknown pid 3339 (exit status 0)
2024-04-04 14:12:29,197 INFO reaped unknown pid 3365 (exit status 0)
2024-04-04 14:13:01,775 INFO reaped unknown pid 3408 (exit status 0)
2024-04-04 14:13:02,777 INFO reaped unknown pid 3434 (exit status 0)
2024-04-04 14:13:27,125 INFO reaped unknown pid 3477 (exit status 0)
2024-04-04 14:13:28,126 INFO reaped unknown pid 3503 (exit status 0)
2024-04-04 14:15:40,694 INFO reaped unknown pid 3546 (exit status 0)
2024-04-04 14:15:41,695 INFO reaped unknown pid 3573 (exit status 0)
2024-04-04 14:17:18,432 INFO reaped unknown pid 3616 (exit status 0)
2024-04-04 14:17:19,432 INFO reaped unknown pid 3642 (exit status 0)
2024-04-04 14:18:42,086 INFO reaped unknown pid 3685 (exit status 0)
2024-04-04 14:18:43,087 INFO reaped unknown pid 3711 (exit status 0)
2024-04-04 14:20:21,440 INFO reaped unknown pid 3754 (exit status 0)
2024-04-04 14:20:22,441 INFO reaped unknown pid 3780 (exit status 0)
2024-04-04 14:20:45,989 INFO reaped unknown pid 3822 (exit status 0)
2024-04-04 14:20:46,991 INFO reaped unknown pid 3848 (exit status 0)
2024-04-04 14:21:41,490 INFO reaped unknown pid 3891 (exit status 0)
2024-04-04 14:21:42,492 INFO reaped unknown pid 3918 (exit status 0)
2024-04-04 14:22:03,480 INFO reaped unknown pid 3961 (exit status 0)
2024-04-04 14:22:04,482 INFO reaped unknown pid 3987 (exit status 0)
2024-04-04 14:40:59,838 INFO reaped unknown pid 4030 (exit status 0)
2024-04-04 14:41:00,840 INFO reaped unknown pid 4056 (exit status 0)
2024-04-04 14:42:54,131 INFO reaped unknown pid 4100 (exit status 0)
2024-04-04 14:42:55,132 INFO reaped unknown pid 4126 (exit status 0)
2024-04-04 14:47:20,668 INFO reaped unknown pid 4168 (exit status 0)
2024-04-04 14:47:21,669 INFO reaped unknown pid 4194 (exit status 0)
2024-04-04 14:47:37,503 INFO reaped unknown pid 4237 (exit status 0)
2024-04-04 14:47:38,504 INFO reaped unknown pid 4263 (exit status 0)
2024-04-04 14:47:49,835 INFO reaped unknown pid 4305 (exit status 0)
2024-04-04 14:47:50,836 INFO reaped unknown pid 4331 (exit status 0)
2024-04-04 14:48:40,134 INFO reaped unknown pid 4374 (exit status 0)
2024-04-04 14:48:41,135 INFO reaped unknown pid 4400 (exit status 0)
2024-04-04 14:55:37,386 INFO reaped unknown pid 4443 (exit status 0)
2024-04-04 14:55:38,388 INFO reaped unknown pid 4469 (exit status 0)
2024-04-04 14:57:04,699 INFO reaped unknown pid 4512 (exit status 0)
2024-04-04 14:57:05,700 INFO reaped unknown pid 4538 (exit status 0)
2024-04-04 14:59:42,812 INFO reaped unknown pid 4581 (exit status 0)
2024-04-04 15:00:01,830 INFO reaped unknown pid 4624 (exit status 0)
2024-04-04 15:00:02,830 INFO reaped unknown pid 4651 (exit status 0)
2024-04-04 15:02:08,406 INFO reaped unknown pid 4694 (exit status 0)
2024-04-04 15:02:09,407 INFO reaped unknown pid 4720 (exit status 0)
2024-04-04 15:03:15,419 INFO reaped unknown pid 4763 (exit status 0)
2024-04-04 15:03:16,421 INFO reaped unknown pid 4789 (exit status 0)
2024-04-04 15:04:27,675 INFO reaped unknown pid 4832 (exit status 0)
2024-04-04 15:04:28,675 INFO reaped unknown pid 4859 (exit status 0)
2024-04-04 15:05:21,220 INFO reaped unknown pid 4902 (exit status 0)
2024-04-04 15:05:23,222 INFO reaped unknown pid 4928 (exit status 0)
2024-04-04 15:07:03,120 INFO reaped unknown pid 4971 (exit status 0)
2024-04-04 15:07:04,121 INFO reaped unknown pid 4998 (exit status 0)
2024-04-04 15:12:40,587 INFO reaped unknown pid 5041 (exit status 0)
2024-04-04 15:12:41,588 INFO reaped unknown pid 5067 (exit status 0)
2024-04-04 15:13:01,063 INFO reaped unknown pid 5110 (exit status 0)
2024-04-04 15:13:02,064 INFO reaped unknown pid 5136 (exit status 0)
2024-04-04 15:14:50,027 INFO reaped unknown pid 5179 (exit status 0)
2024-04-04 15:14:51,028 INFO reaped unknown pid 5205 (exit status 0)
2024-04-04 15:15:17,711 INFO reaped unknown pid 5248 (exit status 0)
2024-04-04 15:15:18,713 INFO reaped unknown pid 5274 (exit status 0)
2024-04-04 15:17:02,448 INFO reaped unknown pid 5317 (exit status 0)
2024-04-04 15:17:03,449 INFO reaped unknown pid 5343 (exit status 0)
2024-04-04 15:35:27,030 WARN received SIGQUIT indicating exit request
2024-04-04 15:35:27,030 INFO waiting for php-fpm, ssr to die
2024-04-04 15:35:28,035 INFO stopped: ssr (exit status 0)
2024-04-04 15:35:28,039 INFO stopped: php-fpm (exit status 0)
2024-04-08 12:42:39,849 CRIT Supervisor is running as root.  Privileges were not dropped because no user is specified in the config file.  If you intend to run as root, you can set user=root in the config file to avoid this message.
2024-04-08 12:42:39,850 WARN For [program:php-fpm], redirect_stderr=true but stderr_logfile has also been set to a filename, the filename has been ignored
2024-04-08 12:42:39,850 WARN For [program:ssr], redirect_stderr=true but stderr_logfile has also been set to a filename, the filename has been ignored
2024-04-08 12:42:39,852 INFO supervisord started with pid 1
2024-04-08 12:42:40,853 INFO spawned: 'php-fpm' with pid 7
2024-04-08 12:42:40,855 INFO spawned: 'ssr' with pid 8
2024-04-08 12:42:42,587 INFO success: php-fpm entered RUNNING state, process has stayed up for > than 1 seconds (startsecs)
2024-04-08 12:42:42,587 INFO success: ssr entered RUNNING state, process has stayed up for > than 1 seconds (startsecs)
2024-04-08 13:02:39,072 INFO reaped unknown pid 52 (exit status 0)
2024-04-08 13:03:27,123 INFO reaped unknown pid 95 (exit status 0)
2024-04-08 13:03:28,124 INFO reaped unknown pid 121 (exit status 0)
2024-04-08 13:04:27,154 INFO reaped unknown pid 164 (exit status 0)
2024-04-08 13:04:28,155 INFO reaped unknown pid 191 (exit status 0)
2024-04-08 13:04:50,509 INFO reaped unknown pid 234 (exit status 0)
2024-04-08 13:04:51,510 INFO reaped unknown pid 260 (exit status 0)
2024-04-08 13:10:36,438 INFO reaped unknown pid 303 (exit status 0)
2024-04-08 13:10:37,439 INFO reaped unknown pid 329 (exit status 0)
2024-04-08 13:11:29,211 INFO reaped unknown pid 372 (exit status 0)
2024-04-08 13:11:30,212 INFO reaped unknown pid 398 (exit status 0)
2024-04-08 13:12:51,789 INFO reaped unknown pid 441 (exit status 0)
2024-04-08 13:12:52,790 INFO reaped unknown pid 467 (exit status 0)
2024-04-08 13:14:43,551 INFO reaped unknown pid 510 (exit status 0)
2024-04-08 13:14:44,552 INFO reaped unknown pid 536 (exit status 0)
2024-04-08 13:15:35,545 INFO reaped unknown pid 579 (exit status 0)
2024-04-08 13:15:36,546 INFO reaped unknown pid 606 (exit status 0)
2024-04-08 13:17:15,743 INFO reaped unknown pid 649 (exit status 0)
2024-04-08 13:17:16,744 INFO reaped unknown pid 675 (exit status 0)
2024-04-08 13:23:30,792 INFO reaped unknown pid 718 (exit status 0)
2024-04-08 13:23:31,794 INFO reaped unknown pid 745 (exit status 0)
2024-04-08 13:24:20,367 INFO reaped unknown pid 788 (exit status 0)
2024-04-08 13:24:20,367 INFO reaped unknown pid 814 (exit status 0)
2024-04-08 13:25:04,491 INFO reaped unknown pid 857 (exit status 0)
2024-04-08 13:25:05,493 INFO reaped unknown pid 883 (exit status 0)
2024-04-08 13:40:37,047 INFO reaped unknown pid 926 (exit status 0)
2024-04-08 13:40:38,048 INFO reaped unknown pid 952 (exit status 0)
2024-04-08 13:43:07,740 INFO reaped unknown pid 996 (exit status 0)
2024-04-08 13:43:08,741 INFO reaped unknown pid 1023 (exit status 0)
2024-04-08 13:44:06,756 INFO reaped unknown pid 1066 (exit status 0)
2024-04-08 13:44:07,757 INFO reaped unknown pid 1092 (exit status 0)
2024-04-08 13:45:34,464 INFO reaped unknown pid 1135 (exit status 0)
2024-04-08 13:45:35,466 INFO reaped unknown pid 1161 (exit status 0)
2024-04-08 13:51:44,664 INFO reaped unknown pid 1204 (exit status 0)
2024-04-08 13:51:45,665 INFO reaped unknown pid 1230 (exit status 0)
2024-04-08 13:53:07,262 INFO reaped unknown pid 1273 (exit status 0)
2024-04-08 13:53:08,264 INFO reaped unknown pid 1299 (exit status 0)
2024-04-08 13:54:55,954 INFO reaped unknown pid 1343 (exit status 0)
2024-04-08 13:54:56,955 INFO reaped unknown pid 1369 (exit status 0)
2024-04-08 13:58:04,533 INFO reaped unknown pid 1412 (exit status 0)
2024-04-08 13:58:05,535 INFO reaped unknown pid 1438 (exit status 0)
2024-04-08 13:59:38,572 INFO reaped unknown pid 1481 (exit status 0)
2024-04-08 13:59:39,573 INFO reaped unknown pid 1508 (exit status 0)
2024-04-08 14:00:58,109 INFO reaped unknown pid 1552 (exit status 0)
2024-04-08 14:00:59,110 INFO reaped unknown pid 1579 (exit status 0)
2024-04-08 14:01:45,491 INFO reaped unknown pid 1622 (exit status 0)
2024-04-08 14:01:46,493 INFO reaped unknown pid 1649 (exit status 0)
2024-04-08 14:02:42,571 INFO reaped unknown pid 1692 (exit status 0)
2024-04-08 14:02:43,573 INFO reaped unknown pid 1719 (exit status 0)
2024-04-08 14:04:31,394 INFO reaped unknown pid 1763 (exit status 0)
2024-04-08 14:04:32,395 INFO reaped unknown pid 1789 (exit status 0)
2024-04-08 14:05:19,092 INFO reaped unknown pid 1832 (exit status 0)
2024-04-08 14:05:20,094 INFO reaped unknown pid 1858 (exit status 0)
2024-04-08 14:07:52,451 INFO reaped unknown pid 1901 (exit status 0)
2024-04-08 14:07:53,452 INFO reaped unknown pid 1927 (exit status 0)
2024-04-08 14:09:19,074 INFO reaped unknown pid 1970 (exit status 0)
2024-04-08 14:09:20,076 INFO reaped unknown pid 1997 (exit status 0)
2024-04-08 14:09:54,244 INFO reaped unknown pid 2040 (exit status 0)
2024-04-08 14:09:55,245 INFO reaped unknown pid 2066 (exit status 0)
2024-04-08 14:10:35,999 INFO reaped unknown pid 2109 (exit status 0)
2024-04-08 14:10:37,000 INFO reaped unknown pid 2135 (exit status 0)
2024-04-08 14:11:03,246 INFO reaped unknown pid 2178 (exit status 0)
2024-04-08 14:11:04,248 INFO reaped unknown pid 2204 (exit status 0)
2024-04-08 14:11:22,319 INFO reaped unknown pid 2247 (exit status 0)
2024-04-08 14:11:23,321 INFO reaped unknown pid 2273 (exit status 0)
2024-04-08 14:12:19,868 INFO reaped unknown pid 2317 (exit status 0)
2024-04-08 14:12:20,869 INFO reaped unknown pid 2344 (exit status 0)
2024-04-08 14:12:42,411 INFO reaped unknown pid 2387 (exit status 0)
2024-04-08 14:12:43,412 INFO reaped unknown pid 2413 (exit status 0)
2024-04-08 14:12:59,974 INFO reaped unknown pid 2456 (exit status 0)
2024-04-08 14:13:00,975 INFO reaped unknown pid 2483 (exit status 0)
2024-04-08 14:13:47,548 INFO reaped unknown pid 2526 (exit status 0)
2024-04-08 14:13:48,550 INFO reaped unknown pid 2553 (exit status 0)
2024-04-08 14:15:07,911 INFO reaped unknown pid 2596 (exit status 0)
2024-04-08 14:15:08,912 INFO reaped unknown pid 2623 (exit status 0)
2024-04-08 14:15:26,525 INFO reaped unknown pid 2666 (exit status 0)
2024-04-08 14:15:27,526 INFO reaped unknown pid 2693 (exit status 0)
2024-04-08 14:15:50,722 INFO reaped unknown pid 2736 (exit status 0)
2024-04-08 14:15:51,723 INFO reaped unknown pid 2763 (exit status 0)
2024-04-08 14:16:12,534 INFO reaped unknown pid 2806 (exit status 0)
2024-04-08 14:16:13,535 INFO reaped unknown pid 2832 (exit status 0)
2024-04-08 14:19:57,114 INFO reaped unknown pid 2876 (exit status 0)
2024-04-08 14:19:59,116 INFO reaped unknown pid 2902 (exit status 0)
2024-04-08 14:20:19,628 INFO reaped unknown pid 2945 (exit status 0)
2024-04-08 14:20:20,629 INFO reaped unknown pid 2972 (exit status 0)
2024-04-08 14:21:05,823 INFO reaped unknown pid 3015 (exit status 0)
2024-04-08 14:21:06,824 INFO reaped unknown pid 3042 (exit status 0)
2024-04-08 14:21:35,207 INFO reaped unknown pid 3085 (exit status 0)
2024-04-08 14:21:36,208 INFO reaped unknown pid 3111 (exit status 0)
2024-04-08 14:22:51,022 WARN received SIGQUIT indicating exit request
2024-04-08 14:22:51,022 INFO waiting for php-fpm, ssr to die
2024-04-08 14:22:52,027 INFO stopped: ssr (exit status 0)
2024-04-08 14:22:52,041 INFO stopped: php-fpm (exit status 0)
2024-04-10 12:53:59,295 CRIT Supervisor is running as root.  Privileges were not dropped because no user is specified in the config file.  If you intend to run as root, you can set user=root in the config file to avoid this message.
2024-04-10 12:53:59,296 WARN For [program:php-fpm], redirect_stderr=true but stderr_logfile has also been set to a filename, the filename has been ignored
2024-04-10 12:53:59,296 WARN For [program:ssr], redirect_stderr=true but stderr_logfile has also been set to a filename, the filename has been ignored
2024-04-10 12:53:59,297 INFO supervisord started with pid 1
2024-04-10 12:54:00,299 INFO spawned: 'php-fpm' with pid 7
2024-04-10 12:54:00,309 INFO spawned: 'ssr' with pid 8
2024-04-10 12:54:01,881 INFO success: php-fpm entered RUNNING state, process has stayed up for > than 1 seconds (startsecs)
2024-04-10 12:54:01,881 INFO success: ssr entered RUNNING state, process has stayed up for > than 1 seconds (startsecs)
2024-04-10 12:57:48,088 INFO reaped unknown pid 54 (exit status 0)
2024-04-10 12:57:49,090 INFO reaped unknown pid 80 (exit status 0)
2024-04-10 13:00:32,958 INFO reaped unknown pid 123 (exit status 0)
2024-04-10 13:00:33,960 INFO reaped unknown pid 150 (exit status 0)
2024-04-10 13:01:07,783 INFO reaped unknown pid 193 (exit status 0)
2024-04-10 13:01:08,785 INFO reaped unknown pid 219 (exit status 0)
2024-04-10 13:10:03,160 INFO reaped unknown pid 262 (exit status 0)
2024-04-10 13:10:04,162 INFO reaped unknown pid 289 (exit status 0)
2024-04-10 13:13:09,312 INFO reaped unknown pid 332 (exit status 0)
2024-04-10 13:13:10,314 INFO reaped unknown pid 358 (exit status 0)
2024-04-10 13:15:21,221 INFO reaped unknown pid 401 (exit status 0)
2024-04-10 13:15:22,223 INFO reaped unknown pid 428 (exit status 0)
